127.0.0.1 - - [25/Jan/2026 20:53:31] "GET /self-assessment.html HTTP/1.1" 200 -
127.0.0.1 - - [25/Jan/2026 20:53:31] "GET /supabase-client.js HTTP/1.1" 304 -
127.0.0.1 - - [25/Jan/2026 20:53:31] "GET /feedback.csv?t=1769345611532 HTTP/1.1" 200 -
127.0.0.1 - - [25/Jan/2026 20:53:31] "GET /api/data HTTP/1.1" 200 -
----------------------------------------
Exception occurred during processing of request from ('127.0.0.1', 64336)
Traceback (most recent call last):
  File "/Library/Developer/CommandLineTools/Library/Frameworks/Python3.framework/Versions/3.9/lib/python3.9/socketserver.py", line 316, in _handle_request_noblock
    self.process_request(request, client_address)
  File "/Library/Developer/CommandLineTools/Library/Frameworks/Python3.framework/Versions/3.9/lib/python3.9/socketserver.py", line 347, in process_request
    self.finish_request(request, client_address)
  File "/Library/Developer/CommandLineTools/Library/Frameworks/Python3.framework/Versions/3.9/lib/python3.9/socketserver.py", line 360, in finish_request
    self.RequestHandlerClass(request, client_address, self)
  File "/Users/leegary/考核/server.py", line 51, in __init__
    super().__init__(*args, directory=BASE_DIR, **kwargs)
  File "/Library/Developer/CommandLineTools/Library/Frameworks/Python3.framework/Versions/3.9/lib/python3.9/http/server.py", line 660, in __init__
    super().__init__(*args, **kwargs)
  File "/Library/Developer/CommandLineTools/Library/Frameworks/Python3.framework/Versions/3.9/lib/python3.9/socketserver.py", line 747, in __init__
    self.handle()
  File "/Library/Developer/CommandLineTools/Library/Frameworks/Python3.framework/Versions/3.9/lib/python3.9/http/server.py", line 434, in handle
    self.handle_one_request()
  File "/Library/Developer/CommandLineTools/Library/Frameworks/Python3.framework/Versions/3.9/lib/python3.9/http/server.py", line 422, in handle_one_request
    method()
  File "/Users/leegary/考核/server.py", line 63, in do_GET
    data = self.process_scores()
  File "/Users/leegary/考核/server.py", line 1036, in process_scores
    emp_config = EMPLOYEE_CONFIGS.get(employee, {})
NameError: name 'EMPLOYEE_CONFIGS' is not defined
----------------------------------------
127.0.0.1 - - [25/Jan/2026 20:53:31] "GET /api/bonuses HTTP/1.1" 200 -
127.0.0.1 - - [25/Jan/2026 20:53:58] "GET /index.html?search=%E5%90%B3%E7%A7%89%E7%86%B9 HTTP/1.1" 200 -
127.0.0.1 - - [25/Jan/2026 20:53:58] "GET /api/data HTTP/1.1" 200 -
----------------------------------------
Exception occurred during processing of request from ('127.0.0.1', 64370)
Traceback (most recent call last):
  File "/Library/Developer/CommandLineTools/Library/Frameworks/Python3.framework/Versions/3.9/lib/python3.9/socketserver.py", line 316, in _handle_request_noblock
    self.process_request(request, client_address)
  File "/Library/Developer/CommandLineTools/Library/Frameworks/Python3.framework/Versions/3.9/lib/python3.9/socketserver.py", line 347, in process_request
    self.finish_request(request, client_address)
  File "/Library/Developer/CommandLineTools/Library/Frameworks/Python3.framework/Versions/3.9/lib/python3.9/socketserver.py", line 360, in finish_request
    self.RequestHandlerClass(request, client_address, self)
  File "/Users/leegary/考核/server.py", line 51, in __init__
    super().__init__(*args, directory=BASE_DIR, **kwargs)
  File "/Library/Developer/CommandLineTools/Library/Frameworks/Python3.framework/Versions/3.9/lib/python3.9/http/server.py", line 660, in __init__
    super().__init__(*args, **kwargs)
  File "/Library/Developer/CommandLineTools/Library/Frameworks/Python3.framework/Versions/3.9/lib/python3.9/socketserver.py", line 747, in __init__
    self.handle()
  File "/Library/Developer/CommandLineTools/Library/Frameworks/Python3.framework/Versions/3.9/lib/python3.9/http/server.py", line 434, in handle
    self.handle_one_request()
  File "/Library/Developer/CommandLineTools/Library/Frameworks/Python3.framework/Versions/3.9/lib/python3.9/http/server.py", line 422, in handle_one_request
    method()
  File "/Users/leegary/考核/server.py", line 63, in do_GET
    data = self.process_scores()
  File "/Users/leegary/考核/server.py", line 1036, in process_scores
    emp_config = EMPLOYEE_CONFIGS.get(employee, {})
NameError: name 'EMPLOYEE_CONFIGS' is not defined
----------------------------------------
127.0.0.1 - - [25/Jan/2026 20:54:03] "POST /api/update-score HTTP/1.1" 200 -
127.0.0.1 - - [25/Jan/2026 20:54:03] "POST /api/update-score HTTP/1.1" 200 -
127.0.0.1 - - [25/Jan/2026 20:54:03] "GET /api/data HTTP/1.1" 200 -
----------------------------------------
Exception occurred during processing of request from ('127.0.0.1', 64383)
Traceback (most recent call last):
  File "/Library/Developer/CommandLineTools/Library/Frameworks/Python3.framework/Versions/3.9/lib/python3.9/socketserver.py", line 316, in _handle_request_noblock
    self.process_request(request, client_address)
  File "/Library/Developer/CommandLineTools/Library/Frameworks/Python3.framework/Versions/3.9/lib/python3.9/socketserver.py", line 347, in process_request
    self.finish_request(request, client_address)
  File "/Library/Developer/CommandLineTools/Library/Frameworks/Python3.framework/Versions/3.9/lib/python3.9/socketserver.py", line 360, in finish_request
    self.RequestHandlerClass(request, client_address, self)
  File "/Users/leegary/考核/server.py", line 51, in __init__
    super().__init__(*args, directory=BASE_DIR, **kwargs)
  File "/Library/Developer/CommandLineTools/Library/Frameworks/Python3.framework/Versions/3.9/lib/python3.9/http/server.py", line 660, in __init__
    super().__init__(*args, **kwargs)
  File "/Library/Developer/CommandLineTools/Library/Frameworks/Python3.framework/Versions/3.9/lib/python3.9/socketserver.py", line 747, in __init__
    self.handle()
  File "/Library/Developer/CommandLineTools/Library/Frameworks/Python3.framework/Versions/3.9/lib/python3.9/http/server.py", line 434, in handle
    self.handle_one_request()
  File "/Library/Developer/CommandLineTools/Library/Frameworks/Python3.framework/Versions/3.9/lib/python3.9/http/server.py", line 422, in handle_one_request
    method()
  File "/Users/leegary/考核/server.py", line 63, in do_GET
    data = self.process_scores()
  File "/Users/leegary/考核/server.py", line 1036, in process_scores
    emp_config = EMPLOYEE_CONFIGS.get(employee, {})
NameError: name 'EMPLOYEE_CONFIGS' is not defined
----------------------------------------
127.0.0.1 - - [25/Jan/2026 20:54:04] "POST /api/update-score HTTP/1.1" 200 -
127.0.0.1 - - [25/Jan/2026 20:54:04] "POST /api/update-score HTTP/1.1" 200 -
127.0.0.1 - - [25/Jan/2026 20:54:04] "POST /api/update-score HTTP/1.1" 200 -
127.0.0.1 - - [25/Jan/2026 20:54:04] "GET /api/data HTTP/1.1" 200 -
----------------------------------------
Exception occurred during processing of request from ('127.0.0.1', 64393)
Traceback (most recent call last):
  File "/Library/Developer/CommandLineTools/Library/Frameworks/Python3.framework/Versions/3.9/lib/python3.9/socketserver.py", line 316, in _handle_request_noblock
    self.process_request(request, client_address)
  File "/Library/Developer/CommandLineTools/Library/Frameworks/Python3.framework/Versions/3.9/lib/python3.9/socketserver.py", line 347, in process_request
    self.finish_request(request, client_address)
  File "/Library/Developer/CommandLineTools/Library/Frameworks/Python3.framework/Versions/3.9/lib/python3.9/socketserver.py", line 360, in finish_request
    self.RequestHandlerClass(request, client_address, self)
  File "/Users/leegary/考核/server.py", line 51, in __init__
    super().__init__(*args, directory=BASE_DIR, **kwargs)
  File "/Library/Developer/CommandLineTools/Library/Frameworks/Python3.framework/Versions/3.9/lib/python3.9/http/server.py", line 660, in __init__
    super().__init__(*args, **kwargs)
  File "/Library/Developer/CommandLineTools/Library/Frameworks/Python3.framework/Versions/3.9/lib/python3.9/socketserver.py", line 747, in __init__
    self.handle()
  File "/Library/Developer/CommandLineTools/Library/Frameworks/Python3.framework/Versions/3.9/lib/python3.9/http/server.py", line 434, in handle
    self.handle_one_request()
  File "/Library/Developer/CommandLineTools/Library/Frameworks/Python3.framework/Versions/3.9/lib/python3.9/http/server.py", line 422, in handle_one_request
    method()
  File "/Users/leegary/考核/server.py", line 63, in do_GET
    data = self.process_scores()
  File "/Users/leegary/考核/server.py", line 1036, in process_scores
    emp_config = EMPLOYEE_CONFIGS.get(employee, {})
NameError: name 'EMPLOYEE_CONFIGS' is not defined
----------------------------------------
127.0.0.1 - - [25/Jan/2026 20:54:04] "POST /api/update-score HTTP/1.1" 200 -
127.0.0.1 - - [25/Jan/2026 20:54:04] "POST /api/update-score HTTP/1.1" 200 -
127.0.0.1 - - [25/Jan/2026 20:54:05] "POST /api/update-score HTTP/1.1" 200 -
127.0.0.1 - - [25/Jan/2026 20:54:05] "POST /api/update-score HTTP/1.1" 200 -
127.0.0.1 - - [25/Jan/2026 20:54:05] "GET /api/data HTTP/1.1" 200 -
----------------------------------------
Exception occurred during processing of request from ('127.0.0.1', 64410)
Traceback (most recent call last):
  File "/Library/Developer/CommandLineTools/Library/Frameworks/Python3.framework/Versions/3.9/lib/python3.9/socketserver.py", line 316, in _handle_request_noblock
    self.process_request(request, client_address)
  File "/Library/Developer/CommandLineTools/Library/Frameworks/Python3.framework/Versions/3.9/lib/python3.9/socketserver.py", line 347, in process_request
    self.finish_request(request, client_address)
  File "/Library/Developer/CommandLineTools/Library/Frameworks/Python3.framework/Versions/3.9/lib/python3.9/socketserver.py", line 360, in finish_request
    self.RequestHandlerClass(request, client_address, self)
  File "/Users/leegary/考核/server.py", line 51, in __init__
    super().__init__(*args, directory=BASE_DIR, **kwargs)
  File "/Library/Developer/CommandLineTools/Library/Frameworks/Python3.framework/Versions/3.9/lib/python3.9/http/server.py", line 660, in __init__
    super().__init__(*args, **kwargs)
  File "/Library/Developer/CommandLineTools/Library/Frameworks/Python3.framework/Versions/3.9/lib/python3.9/socketserver.py", line 747, in __init__
    self.handle()
  File "/Library/Developer/CommandLineTools/Library/Frameworks/Python3.framework/Versions/3.9/lib/python3.9/http/server.py", line 434, in handle
    self.handle_one_request()
  File "/Library/Developer/CommandLineTools/Library/Frameworks/Python3.framework/Versions/3.9/lib/python3.9/http/server.py", line 422, in handle_one_request
    method()
  File "/Users/leegary/考核/server.py", line 63, in do_GET
    data = self.process_scores()
  File "/Users/leegary/考核/server.py", line 1036, in process_scores
    emp_config = EMPLOYEE_CONFIGS.get(employee, {})
NameError: name 'EMPLOYEE_CONFIGS' is not defined
----------------------------------------
127.0.0.1 - - [25/Jan/2026 20:54:05] "POST /api/update-score HTTP/1.1" 200 -
127.0.0.1 - - [25/Jan/2026 20:54:05] "GET /api/data HTTP/1.1" 200 -
----------------------------------------
Exception occurred during processing of request from ('127.0.0.1', 64419)
Traceback (most recent call last):
  File "/Library/Developer/CommandLineTools/Library/Frameworks/Python3.framework/Versions/3.9/lib/python3.9/socketserver.py", line 316, in _handle_request_noblock
    self.process_request(request, client_address)
  File "/Library/Developer/CommandLineTools/Library/Frameworks/Python3.framework/Versions/3.9/lib/python3.9/socketserver.py", line 347, in process_request
    self.finish_request(request, client_address)
  File "/Library/Developer/CommandLineTools/Library/Frameworks/Python3.framework/Versions/3.9/lib/python3.9/socketserver.py", line 360, in finish_request
    self.RequestHandlerClass(request, client_address, self)
  File "/Users/leegary/考核/server.py", line 51, in __init__
    super().__init__(*args, directory=BASE_DIR, **kwargs)
  File "/Library/Developer/CommandLineTools/Library/Frameworks/Python3.framework/Versions/3.9/lib/python3.9/http/server.py", line 660, in __init__
    super().__init__(*args, **kwargs)
  File "/Library/Developer/CommandLineTools/Library/Frameworks/Python3.framework/Versions/3.9/lib/python3.9/socketserver.py", line 747, in __init__
    self.handle()
  File "/Library/Developer/CommandLineTools/Library/Frameworks/Python3.framework/Versions/3.9/lib/python3.9/http/server.py", line 434, in handle
    self.handle_one_request()
  File "/Library/Developer/CommandLineTools/Library/Frameworks/Python3.framework/Versions/3.9/lib/python3.9/http/server.py", line 422, in handle_one_request
    method()
  File "/Users/leegary/考核/server.py", line 63, in do_GET
    data = self.process_scores()
  File "/Users/leegary/考核/server.py", line 1036, in process_scores
    emp_config = EMPLOYEE_CONFIGS.get(employee, {})
NameError: name 'EMPLOYEE_CONFIGS' is not defined
----------------------------------------
127.0.0.1 - - [25/Jan/2026 20:54:05] "POST /api/update-score HTTP/1.1" 200 -
127.0.0.1 - - [25/Jan/2026 20:54:05] "POST /api/update-score HTTP/1.1" 200 -
127.0.0.1 - - [25/Jan/2026 20:54:05] "GET /api/data HTTP/1.1" 200 -
----------------------------------------
Exception occurred during processing of request from ('127.0.0.1', 64427)
Traceback (most recent call last):
  File "/Library/Developer/CommandLineTools/Library/Frameworks/Python3.framework/Versions/3.9/lib/python3.9/socketserver.py", line 316, in _handle_request_noblock
    self.process_request(request, client_address)
  File "/Library/Developer/CommandLineTools/Library/Frameworks/Python3.framework/Versions/3.9/lib/python3.9/socketserver.py", line 347, in process_request
    self.finish_request(request, client_address)
  File "/Library/Developer/CommandLineTools/Library/Frameworks/Python3.framework/Versions/3.9/lib/python3.9/socketserver.py", line 360, in finish_request
    self.RequestHandlerClass(request, client_address, self)
  File "/Users/leegary/考核/server.py", line 51, in __init__
    super().__init__(*args, directory=BASE_DIR, **kwargs)
  File "/Library/Developer/CommandLineTools/Library/Frameworks/Python3.framework/Versions/3.9/lib/python3.9/http/server.py", line 660, in __init__
    super().__init__(*args, **kwargs)
  File "/Library/Developer/CommandLineTools/Library/Frameworks/Python3.framework/Versions/3.9/lib/python3.9/socketserver.py", line 747, in __init__
    self.handle()
  File "/Library/Developer/CommandLineTools/Library/Frameworks/Python3.framework/Versions/3.9/lib/python3.9/http/server.py", line 434, in handle
    self.handle_one_request()
  File "/Library/Developer/CommandLineTools/Library/Frameworks/Python3.framework/Versions/3.9/lib/python3.9/http/server.py", line 422, in handle_one_request
    method()
  File "/Users/leegary/考核/server.py", line 63, in do_GET
    data = self.process_scores()
  File "/Users/leegary/考核/server.py", line 1036, in process_scores
    emp_config = EMPLOYEE_CONFIGS.get(employee, {})
NameError: name 'EMPLOYEE_CONFIGS' is not defined
----------------------------------------
127.0.0.1 - - [25/Jan/2026 20:54:06] "GET /api/data HTTP/1.1" 200 -
----------------------------------------
Exception occurred during processing of request from ('127.0.0.1', 64432)
Traceback (most recent call last):
  File "/Library/Developer/CommandLineTools/Library/Frameworks/Python3.framework/Versions/3.9/lib/python3.9/socketserver.py", line 316, in _handle_request_noblock
    self.process_request(request, client_address)
  File "/Library/Developer/CommandLineTools/Library/Frameworks/Python3.framework/Versions/3.9/lib/python3.9/socketserver.py", line 347, in process_request
    self.finish_request(request, client_address)
  File "/Library/Developer/CommandLineTools/Library/Frameworks/Python3.framework/Versions/3.9/lib/python3.9/socketserver.py", line 360, in finish_request
    self.RequestHandlerClass(request, client_address, self)
  File "/Users/leegary/考核/server.py", line 51, in __init__
    super().__init__(*args, directory=BASE_DIR, **kwargs)
  File "/Library/Developer/CommandLineTools/Library/Frameworks/Python3.framework/Versions/3.9/lib/python3.9/http/server.py", line 660, in __init__
    super().__init__(*args, **kwargs)
  File "/Library/Developer/CommandLineTools/Library/Frameworks/Python3.framework/Versions/3.9/lib/python3.9/socketserver.py", line 747, in __init__
    self.handle()
  File "/Library/Developer/CommandLineTools/Library/Frameworks/Python3.framework/Versions/3.9/lib/python3.9/http/server.py", line 434, in handle
    self.handle_one_request()
  File "/Library/Developer/CommandLineTools/Library/Frameworks/Python3.framework/Versions/3.9/lib/python3.9/http/server.py", line 422, in handle_one_request
    method()
  File "/Users/leegary/考核/server.py", line 63, in do_GET
    data = self.process_scores()
  File "/Users/leegary/考核/server.py", line 1036, in process_scores
    emp_config = EMPLOYEE_CONFIGS.get(employee, {})
NameError: name 'EMPLOYEE_CONFIGS' is not defined
----------------------------------------
127.0.0.1 - - [25/Jan/2026 20:54:06] "GET /api/data HTTP/1.1" 200 -
----------------------------------------
Exception occurred during processing of request from ('127.0.0.1', 64435)
Traceback (most recent call last):
  File "/Library/Developer/CommandLineTools/Library/Frameworks/Python3.framework/Versions/3.9/lib/python3.9/socketserver.py", line 316, in _handle_request_noblock
    self.process_request(request, client_address)
  File "/Library/Developer/CommandLineTools/Library/Frameworks/Python3.framework/Versions/3.9/lib/python3.9/socketserver.py", line 347, in process_request
    self.finish_request(request, client_address)
  File "/Library/Developer/CommandLineTools/Library/Frameworks/Python3.framework/Versions/3.9/lib/python3.9/socketserver.py", line 360, in finish_request
    self.RequestHandlerClass(request, client_address, self)
  File "/Users/leegary/考核/server.py", line 51, in __init__
    super().__init__(*args, directory=BASE_DIR, **kwargs)
  File "/Library/Developer/CommandLineTools/Library/Frameworks/Python3.framework/Versions/3.9/lib/python3.9/http/server.py", line 660, in __init__
    super().__init__(*args, **kwargs)
  File "/Library/Developer/CommandLineTools/Library/Frameworks/Python3.framework/Versions/3.9/lib/python3.9/socketserver.py", line 747, in __init__
    self.handle()
  File "/Library/Developer/CommandLineTools/Library/Frameworks/Python3.framework/Versions/3.9/lib/python3.9/http/server.py", line 434, in handle
    self.handle_one_request()
  File "/Library/Developer/CommandLineTools/Library/Frameworks/Python3.framework/Versions/3.9/lib/python3.9/http/server.py", line 422, in handle_one_request
    method()
  File "/Users/leegary/考核/server.py", line 63, in do_GET
    data = self.process_scores()
  File "/Users/leegary/考核/server.py", line 1036, in process_scores
    emp_config = EMPLOYEE_CONFIGS.get(employee, {})
NameError: name 'EMPLOYEE_CONFIGS' is not defined
----------------------------------------
127.0.0.1 - - [25/Jan/2026 20:54:06] "GET /api/data HTTP/1.1" 200 -
----------------------------------------
Exception occurred during processing of request from ('127.0.0.1', 64438)
Traceback (most recent call last):
  File "/Library/Developer/CommandLineTools/Library/Frameworks/Python3.framework/Versions/3.9/lib/python3.9/socketserver.py", line 316, in _handle_request_noblock
    self.process_request(request, client_address)
  File "/Library/Developer/CommandLineTools/Library/Frameworks/Python3.framework/Versions/3.9/lib/python3.9/socketserver.py", line 347, in process_request
    self.finish_request(request, client_address)
  File "/Library/Developer/CommandLineTools/Library/Frameworks/Python3.framework/Versions/3.9/lib/python3.9/socketserver.py", line 360, in finish_request
    self.RequestHandlerClass(request, client_address, self)
  File "/Users/leegary/考核/server.py", line 51, in __init__
    super().__init__(*args, directory=BASE_DIR, **kwargs)
  File "/Library/Developer/CommandLineTools/Library/Frameworks/Python3.framework/Versions/3.9/lib/python3.9/http/server.py", line 660, in __init__
    super().__init__(*args, **kwargs)
  File "/Library/Developer/CommandLineTools/Library/Frameworks/Python3.framework/Versions/3.9/lib/python3.9/socketserver.py", line 747, in __init__
    self.handle()
  File "/Library/Developer/CommandLineTools/Library/Frameworks/Python3.framework/Versions/3.9/lib/python3.9/http/server.py", line 434, in handle
    self.handle_one_request()
  File "/Library/Developer/CommandLineTools/Library/Frameworks/Python3.framework/Versions/3.9/lib/python3.9/http/server.py", line 422, in handle_one_request
    method()
  File "/Users/leegary/考核/server.py", line 63, in do_GET
    data = self.process_scores()
  File "/Users/leegary/考核/server.py", line 1036, in process_scores
    emp_config = EMPLOYEE_CONFIGS.get(employee, {})
NameError: name 'EMPLOYEE_CONFIGS' is not defined
----------------------------------------
127.0.0.1 - - [25/Jan/2026 20:54:06] "GET /api/data HTTP/1.1" 200 -
----------------------------------------
Exception occurred during processing of request from ('127.0.0.1', 64441)
Traceback (most recent call last):
  File "/Library/Developer/CommandLineTools/Library/Frameworks/Python3.framework/Versions/3.9/lib/python3.9/socketserver.py", line 316, in _handle_request_noblock
    self.process_request(request, client_address)
  File "/Library/Developer/CommandLineTools/Library/Frameworks/Python3.framework/Versions/3.9/lib/python3.9/socketserver.py", line 347, in process_request
    self.finish_request(request, client_address)
  File "/Library/Developer/CommandLineTools/Library/Frameworks/Python3.framework/Versions/3.9/lib/python3.9/socketserver.py", line 360, in finish_request
    self.RequestHandlerClass(request, client_address, self)
  File "/Users/leegary/考核/server.py", line 51, in __init__
    super().__init__(*args, directory=BASE_DIR, **kwargs)
  File "/Library/Developer/CommandLineTools/Library/Frameworks/Python3.framework/Versions/3.9/lib/python3.9/http/server.py", line 660, in __init__
    super().__init__(*args, **kwargs)
  File "/Library/Developer/CommandLineTools/Library/Frameworks/Python3.framework/Versions/3.9/lib/python3.9/socketserver.py", line 747, in __init__
    self.handle()
  File "/Library/Developer/CommandLineTools/Library/Frameworks/Python3.framework/Versions/3.9/lib/python3.9/http/server.py", line 434, in handle
    self.handle_one_request()
  File "/Library/Developer/CommandLineTools/Library/Frameworks/Python3.framework/Versions/3.9/lib/python3.9/http/server.py", line 422, in handle_one_request
    method()
  File "/Users/leegary/考核/server.py", line 63, in do_GET
    data = self.process_scores()
  File "/Users/leegary/考核/server.py", line 1036, in process_scores
    emp_config = EMPLOYEE_CONFIGS.get(employee, {})
NameError: name 'EMPLOYEE_CONFIGS' is not defined
----------------------------------------
127.0.0.1 - - [25/Jan/2026 20:54:06] "GET /api/data HTTP/1.1" 200 -
----------------------------------------
Exception occurred during processing of request from ('127.0.0.1', 64444)
Traceback (most recent call last):
  File "/Library/Developer/CommandLineTools/Library/Frameworks/Python3.framework/Versions/3.9/lib/python3.9/socketserver.py", line 316, in _handle_request_noblock
    self.process_request(request, client_address)
  File "/Library/Developer/CommandLineTools/Library/Frameworks/Python3.framework/Versions/3.9/lib/python3.9/socketserver.py", line 347, in process_request
    self.finish_request(request, client_address)
  File "/Library/Developer/CommandLineTools/Library/Frameworks/Python3.framework/Versions/3.9/lib/python3.9/socketserver.py", line 360, in finish_request
    self.RequestHandlerClass(request, client_address, self)
  File "/Users/leegary/考核/server.py", line 51, in __init__
    super().__init__(*args, directory=BASE_DIR, **kwargs)
  File "/Library/Developer/CommandLineTools/Library/Frameworks/Python3.framework/Versions/3.9/lib/python3.9/http/server.py", line 660, in __init__
    super().__init__(*args, **kwargs)
  File "/Library/Developer/CommandLineTools/Library/Frameworks/Python3.framework/Versions/3.9/lib/python3.9/socketserver.py", line 747, in __init__
    self.handle()
  File "/Library/Developer/CommandLineTools/Library/Frameworks/Python3.framework/Versions/3.9/lib/python3.9/http/server.py", line 434, in handle
    self.handle_one_request()
  File "/Library/Developer/CommandLineTools/Library/Frameworks/Python3.framework/Versions/3.9/lib/python3.9/http/server.py", line 422, in handle_one_request
    method()
  File "/Users/leegary/考核/server.py", line 63, in do_GET
    data = self.process_scores()
  File "/Users/leegary/考核/server.py", line 1036, in process_scores
    emp_config = EMPLOYEE_CONFIGS.get(employee, {})
NameError: name 'EMPLOYEE_CONFIGS' is not defined
----------------------------------------
127.0.0.1 - - [25/Jan/2026 20:54:07] "GET /api/data HTTP/1.1" 200 -
----------------------------------------
Exception occurred during processing of request from ('127.0.0.1', 64447)
Traceback (most recent call last):
  File "/Library/Developer/CommandLineTools/Library/Frameworks/Python3.framework/Versions/3.9/lib/python3.9/socketserver.py", line 316, in _handle_request_noblock
    self.process_request(request, client_address)
  File "/Library/Developer/CommandLineTools/Library/Frameworks/Python3.framework/Versions/3.9/lib/python3.9/socketserver.py", line 347, in process_request
    self.finish_request(request, client_address)
  File "/Library/Developer/CommandLineTools/Library/Frameworks/Python3.framework/Versions/3.9/lib/python3.9/socketserver.py", line 360, in finish_request
    self.RequestHandlerClass(request, client_address, self)
  File "/Users/leegary/考核/server.py", line 51, in __init__
    super().__init__(*args, directory=BASE_DIR, **kwargs)
  File "/Library/Developer/CommandLineTools/Library/Frameworks/Python3.framework/Versions/3.9/lib/python3.9/http/server.py", line 660, in __init__
    super().__init__(*args, **kwargs)
  File "/Library/Developer/CommandLineTools/Library/Frameworks/Python3.framework/Versions/3.9/lib/python3.9/socketserver.py", line 747, in __init__
    self.handle()
  File "/Library/Developer/CommandLineTools/Library/Frameworks/Python3.framework/Versions/3.9/lib/python3.9/http/server.py", line 434, in handle
    self.handle_one_request()
  File "/Library/Developer/CommandLineTools/Library/Frameworks/Python3.framework/Versions/3.9/lib/python3.9/http/server.py", line 422, in handle_one_request
    method()
  File "/Users/leegary/考核/server.py", line 63, in do_GET
    data = self.process_scores()
  File "/Users/leegary/考核/server.py", line 1036, in process_scores
    emp_config = EMPLOYEE_CONFIGS.get(employee, {})
NameError: name 'EMPLOYEE_CONFIGS' is not defined
----------------------------------------
127.0.0.1 - - [25/Jan/2026 20:54:07] "GET /api/data HTTP/1.1" 200 -
----------------------------------------
Exception occurred during processing of request from ('127.0.0.1', 64450)
Traceback (most recent call last):
  File "/Library/Developer/CommandLineTools/Library/Frameworks/Python3.framework/Versions/3.9/lib/python3.9/socketserver.py", line 316, in _handle_request_noblock
    self.process_request(request, client_address)
  File "/Library/Developer/CommandLineTools/Library/Frameworks/Python3.framework/Versions/3.9/lib/python3.9/socketserver.py", line 347, in process_request
    self.finish_request(request, client_address)
  File "/Library/Developer/CommandLineTools/Library/Frameworks/Python3.framework/Versions/3.9/lib/python3.9/socketserver.py", line 360, in finish_request
    self.RequestHandlerClass(request, client_address, self)
  File "/Users/leegary/考核/server.py", line 51, in __init__
    super().__init__(*args, directory=BASE_DIR, **kwargs)
  File "/Library/Developer/CommandLineTools/Library/Frameworks/Python3.framework/Versions/3.9/lib/python3.9/http/server.py", line 660, in __init__
    super().__init__(*args, **kwargs)
  File "/Library/Developer/CommandLineTools/Library/Frameworks/Python3.framework/Versions/3.9/lib/python3.9/socketserver.py", line 747, in __init__
    self.handle()
  File "/Library/Developer/CommandLineTools/Library/Frameworks/Python3.framework/Versions/3.9/lib/python3.9/http/server.py", line 434, in handle
    self.handle_one_request()
  File "/Library/Developer/CommandLineTools/Library/Frameworks/Python3.framework/Versions/3.9/lib/python3.9/http/server.py", line 422, in handle_one_request
    method()
  File "/Users/leegary/考核/server.py", line 63, in do_GET
    data = self.process_scores()
  File "/Users/leegary/考核/server.py", line 1036, in process_scores
    emp_config = EMPLOYEE_CONFIGS.get(employee, {})
NameError: name 'EMPLOYEE_CONFIGS' is not defined
----------------------------------------
127.0.0.1 - - [25/Jan/2026 20:54:13] "GET /self-assessment.html HTTP/1.1" 304 -
127.0.0.1 - - [25/Jan/2026 20:54:13] "GET /feedback.csv?t=1769345653446 HTTP/1.1" 200 -
127.0.0.1 - - [25/Jan/2026 20:54:13] "GET /api/data HTTP/1.1" 200 -
----------------------------------------
Exception occurred during processing of request from ('127.0.0.1', 64466)
Traceback (most recent call last):
  File "/Library/Developer/CommandLineTools/Library/Frameworks/Python3.framework/Versions/3.9/lib/python3.9/socketserver.py", line 316, in _handle_request_noblock
    self.process_request(request, client_address)
  File "/Library/Developer/CommandLineTools/Library/Frameworks/Python3.framework/Versions/3.9/lib/python3.9/socketserver.py", line 347, in process_request
    self.finish_request(request, client_address)
  File "/Library/Developer/CommandLineTools/Library/Frameworks/Python3.framework/Versions/3.9/lib/python3.9/socketserver.py", line 360, in finish_request
    self.RequestHandlerClass(request, client_address, self)
  File "/Users/leegary/考核/server.py", line 51, in __init__
    super().__init__(*args, directory=BASE_DIR, **kwargs)
  File "/Library/Developer/CommandLineTools/Library/Frameworks/Python3.framework/Versions/3.9/lib/python3.9/http/server.py", line 660, in __init__
    super().__init__(*args, **kwargs)
  File "/Library/Developer/CommandLineTools/Library/Frameworks/Python3.framework/Versions/3.9/lib/python3.9/socketserver.py", line 747, in __init__
    self.handle()
  File "/Library/Developer/CommandLineTools/Library/Frameworks/Python3.framework/Versions/3.9/lib/python3.9/http/server.py", line 434, in handle
    self.handle_one_request()
  File "/Library/Developer/CommandLineTools/Library/Frameworks/Python3.framework/Versions/3.9/lib/python3.9/http/server.py", line 422, in handle_one_request
    method()
  File "/Users/leegary/考核/server.py", line 63, in do_GET
    data = self.process_scores()
  File "/Users/leegary/考核/server.py", line 1036, in process_scores
    emp_config = EMPLOYEE_CONFIGS.get(employee, {})
NameError: name 'EMPLOYEE_CONFIGS' is not defined
----------------------------------------
127.0.0.1 - - [25/Jan/2026 20:54:13] "GET /api/bonuses HTTP/1.1" 200 -
127.0.0.1 - - [25/Jan/2026 20:54:22] "GET /api/data HTTP/1.1" 200 -
----------------------------------------
Exception occurred during processing of request from ('127.0.0.1', 64485)
Traceback (most recent call last):
  File "/Library/Developer/CommandLineTools/Library/Frameworks/Python3.framework/Versions/3.9/lib/python3.9/socketserver.py", line 316, in _handle_request_noblock
    self.process_request(request, client_address)
  File "/Library/Developer/CommandLineTools/Library/Frameworks/Python3.framework/Versions/3.9/lib/python3.9/socketserver.py", line 347, in process_request
    self.finish_request(request, client_address)
  File "/Library/Developer/CommandLineTools/Library/Frameworks/Python3.framework/Versions/3.9/lib/python3.9/socketserver.py", line 360, in finish_request
    self.RequestHandlerClass(request, client_address, self)
  File "/Users/leegary/考核/server.py", line 51, in __init__
    super().__init__(*args, directory=BASE_DIR, **kwargs)
  File "/Library/Developer/CommandLineTools/Library/Frameworks/Python3.framework/Versions/3.9/lib/python3.9/http/server.py", line 660, in __init__
    super().__init__(*args, **kwargs)
  File "/Library/Developer/CommandLineTools/Library/Frameworks/Python3.framework/Versions/3.9/lib/python3.9/socketserver.py", line 747, in __init__
    self.handle()
  File "/Library/Developer/CommandLineTools/Library/Frameworks/Python3.framework/Versions/3.9/lib/python3.9/http/server.py", line 434, in handle
    self.handle_one_request()
  File "/Library/Developer/CommandLineTools/Library/Frameworks/Python3.framework/Versions/3.9/lib/python3.9/http/server.py", line 422, in handle_one_request
    method()
  File "/Users/leegary/考核/server.py", line 63, in do_GET
    data = self.process_scores()
  File "/Users/leegary/考核/server.py", line 1036, in process_scores
    emp_config = EMPLOYEE_CONFIGS.get(employee, {})
NameError: name 'EMPLOYEE_CONFIGS' is not defined
----------------------------------------
127.0.0.1 - - [25/Jan/2026 20:54:27] "POST /api/update-score HTTP/1.1" 200 -
127.0.0.1 - - [25/Jan/2026 20:54:28] "POST /api/update-score HTTP/1.1" 200 -
127.0.0.1 - - [25/Jan/2026 20:54:28] "GET /api/data HTTP/1.1" 200 -
----------------------------------------
Exception occurred during processing of request from ('127.0.0.1', 64505)
Traceback (most recent call last):
  File "/Library/Developer/CommandLineTools/Library/Frameworks/Python3.framework/Versions/3.9/lib/python3.9/socketserver.py", line 316, in _handle_request_noblock
    self.process_request(request, client_address)
  File "/Library/Developer/CommandLineTools/Library/Frameworks/Python3.framework/Versions/3.9/lib/python3.9/socketserver.py", line 347, in process_request
    self.finish_request(request, client_address)
  File "/Library/Developer/CommandLineTools/Library/Frameworks/Python3.framework/Versions/3.9/lib/python3.9/socketserver.py", line 360, in finish_request
    self.RequestHandlerClass(request, client_address, self)
  File "/Users/leegary/考核/server.py", line 51, in __init__
    super().__init__(*args, directory=BASE_DIR, **kwargs)
  File "/Library/Developer/CommandLineTools/Library/Frameworks/Python3.framework/Versions/3.9/lib/python3.9/http/server.py", line 660, in __init__
    super().__init__(*args, **kwargs)
  File "/Library/Developer/CommandLineTools/Library/Frameworks/Python3.framework/Versions/3.9/lib/python3.9/socketserver.py", line 747, in __init__
    self.handle()
  File "/Library/Developer/CommandLineTools/Library/Frameworks/Python3.framework/Versions/3.9/lib/python3.9/http/server.py", line 434, in handle
    self.handle_one_request()
  File "/Library/Developer/CommandLineTools/Library/Frameworks/Python3.framework/Versions/3.9/lib/python3.9/http/server.py", line 422, in handle_one_request
    method()
  File "/Users/leegary/考核/server.py", line 63, in do_GET
    data = self.process_scores()
  File "/Users/leegary/考核/server.py", line 1036, in process_scores
    emp_config = EMPLOYEE_CONFIGS.get(employee, {})
NameError: name 'EMPLOYEE_CONFIGS' is not defined
----------------------------------------
127.0.0.1 - - [25/Jan/2026 20:54:28] "POST /api/update-score HTTP/1.1" 200 -
127.0.0.1 - - [25/Jan/2026 20:54:28] "POST /api/update-score HTTP/1.1" 200 -
127.0.0.1 - - [25/Jan/2026 20:54:28] "POST /api/update-score HTTP/1.1" 200 -
127.0.0.1 - - [25/Jan/2026 20:54:28] "GET /api/data HTTP/1.1" 200 -
----------------------------------------
Exception occurred during processing of request from ('127.0.0.1', 64514)
Traceback (most recent call last):
  File "/Library/Developer/CommandLineTools/Library/Frameworks/Python3.framework/Versions/3.9/lib/python3.9/socketserver.py", line 316, in _handle_request_noblock
    self.process_request(request, client_address)
  File "/Library/Developer/CommandLineTools/Library/Frameworks/Python3.framework/Versions/3.9/lib/python3.9/socketserver.py", line 347, in process_request
    self.finish_request(request, client_address)
  File "/Library/Developer/CommandLineTools/Library/Frameworks/Python3.framework/Versions/3.9/lib/python3.9/socketserver.py", line 360, in finish_request
    self.RequestHandlerClass(request, client_address, self)
  File "/Users/leegary/考核/server.py", line 51, in __init__
    super().__init__(*args, directory=BASE_DIR, **kwargs)
  File "/Library/Developer/CommandLineTools/Library/Frameworks/Python3.framework/Versions/3.9/lib/python3.9/http/server.py", line 660, in __init__
    super().__init__(*args, **kwargs)
  File "/Library/Developer/CommandLineTools/Library/Frameworks/Python3.framework/Versions/3.9/lib/python3.9/socketserver.py", line 747, in __init__
    self.handle()
  File "/Library/Developer/CommandLineTools/Library/Frameworks/Python3.framework/Versions/3.9/lib/python3.9/http/server.py", line 434, in handle
    self.handle_one_request()
  File "/Library/Developer/CommandLineTools/Library/Frameworks/Python3.framework/Versions/3.9/lib/python3.9/http/server.py", line 422, in handle_one_request
    method()
  File "/Users/leegary/考核/server.py", line 63, in do_GET
    data = self.process_scores()
  File "/Users/leegary/考核/server.py", line 1036, in process_scores
    emp_config = EMPLOYEE_CONFIGS.get(employee, {})
NameError: name 'EMPLOYEE_CONFIGS' is not defined
----------------------------------------
127.0.0.1 - - [25/Jan/2026 20:54:28] "POST /api/update-score HTTP/1.1" 200 -
127.0.0.1 - - [25/Jan/2026 20:54:28] "GET /api/data HTTP/1.1" 200 -
----------------------------------------
Exception occurred during processing of request from ('127.0.0.1', 64522)
Traceback (most recent call last):
  File "/Library/Developer/CommandLineTools/Library/Frameworks/Python3.framework/Versions/3.9/lib/python3.9/socketserver.py", line 316, in _handle_request_noblock
    self.process_request(request, client_address)
  File "/Library/Developer/CommandLineTools/Library/Frameworks/Python3.framework/Versions/3.9/lib/python3.9/socketserver.py", line 347, in process_request
    self.finish_request(request, client_address)
  File "/Library/Developer/CommandLineTools/Library/Frameworks/Python3.framework/Versions/3.9/lib/python3.9/socketserver.py", line 360, in finish_request
    self.RequestHandlerClass(request, client_address, self)
  File "/Users/leegary/考核/server.py", line 51, in __init__
    super().__init__(*args, directory=BASE_DIR, **kwargs)
  File "/Library/Developer/CommandLineTools/Library/Frameworks/Python3.framework/Versions/3.9/lib/python3.9/http/server.py", line 660, in __init__
    super().__init__(*args, **kwargs)
  File "/Library/Developer/CommandLineTools/Library/Frameworks/Python3.framework/Versions/3.9/lib/python3.9/socketserver.py", line 747, in __init__
    self.handle()
  File "/Library/Developer/CommandLineTools/Library/Frameworks/Python3.framework/Versions/3.9/lib/python3.9/http/server.py", line 434, in handle
    self.handle_one_request()
  File "/Library/Developer/CommandLineTools/Library/Frameworks/Python3.framework/Versions/3.9/lib/python3.9/http/server.py", line 422, in handle_one_request
    method()
  File "/Users/leegary/考核/server.py", line 63, in do_GET
    data = self.process_scores()
  File "/Users/leegary/考核/server.py", line 1036, in process_scores
    emp_config = EMPLOYEE_CONFIGS.get(employee, {})
NameError: name 'EMPLOYEE_CONFIGS' is not defined
----------------------------------------
127.0.0.1 - - [25/Jan/2026 20:54:29] "GET /api/data HTTP/1.1" 200 -
----------------------------------------
Exception occurred during processing of request from ('127.0.0.1', 64526)
Traceback (most recent call last):
  File "/Library/Developer/CommandLineTools/Library/Frameworks/Python3.framework/Versions/3.9/lib/python3.9/socketserver.py", line 316, in _handle_request_noblock
    self.process_request(request, client_address)
  File "/Library/Developer/CommandLineTools/Library/Frameworks/Python3.framework/Versions/3.9/lib/python3.9/socketserver.py", line 347, in process_request
    self.finish_request(request, client_address)
  File "/Library/Developer/CommandLineTools/Library/Frameworks/Python3.framework/Versions/3.9/lib/python3.9/socketserver.py", line 360, in finish_request
    self.RequestHandlerClass(request, client_address, self)
  File "/Users/leegary/考核/server.py", line 51, in __init__
    super().__init__(*args, directory=BASE_DIR, **kwargs)
  File "/Library/Developer/CommandLineTools/Library/Frameworks/Python3.framework/Versions/3.9/lib/python3.9/http/server.py", line 660, in __init__
    super().__init__(*args, **kwargs)
  File "/Library/Developer/CommandLineTools/Library/Frameworks/Python3.framework/Versions/3.9/lib/python3.9/socketserver.py", line 747, in __init__
    self.handle()
  File "/Library/Developer/CommandLineTools/Library/Frameworks/Python3.framework/Versions/3.9/lib/python3.9/http/server.py", line 434, in handle
    self.handle_one_request()
  File "/Library/Developer/CommandLineTools/Library/Frameworks/Python3.framework/Versions/3.9/lib/python3.9/http/server.py", line 422, in handle_one_request
    method()
  File "/Users/leegary/考核/server.py", line 63, in do_GET
    data = self.process_scores()
  File "/Users/leegary/考核/server.py", line 1036, in process_scores
    emp_config = EMPLOYEE_CONFIGS.get(employee, {})
NameError: name 'EMPLOYEE_CONFIGS' is not defined
----------------------------------------
127.0.0.1 - - [25/Jan/2026 20:54:29] "GET /api/data HTTP/1.1" 200 -
----------------------------------------
Exception occurred during processing of request from ('127.0.0.1', 64529)
Traceback (most recent call last):
  File "/Library/Developer/CommandLineTools/Library/Frameworks/Python3.framework/Versions/3.9/lib/python3.9/socketserver.py", line 316, in _handle_request_noblock
    self.process_request(request, client_address)
  File "/Library/Developer/CommandLineTools/Library/Frameworks/Python3.framework/Versions/3.9/lib/python3.9/socketserver.py", line 347, in process_request
    self.finish_request(request, client_address)
  File "/Library/Developer/CommandLineTools/Library/Frameworks/Python3.framework/Versions/3.9/lib/python3.9/socketserver.py", line 360, in finish_request
    self.RequestHandlerClass(request, client_address, self)
  File "/Users/leegary/考核/server.py", line 51, in __init__
    super().__init__(*args, directory=BASE_DIR, **kwargs)
  File "/Library/Developer/CommandLineTools/Library/Frameworks/Python3.framework/Versions/3.9/lib/python3.9/http/server.py", line 660, in __init__
    super().__init__(*args, **kwargs)
  File "/Library/Developer/CommandLineTools/Library/Frameworks/Python3.framework/Versions/3.9/lib/python3.9/socketserver.py", line 747, in __init__
    self.handle()
  File "/Library/Developer/CommandLineTools/Library/Frameworks/Python3.framework/Versions/3.9/lib/python3.9/http/server.py", line 434, in handle
    self.handle_one_request()
  File "/Library/Developer/CommandLineTools/Library/Frameworks/Python3.framework/Versions/3.9/lib/python3.9/http/server.py", line 422, in handle_one_request
    method()
  File "/Users/leegary/考核/server.py", line 63, in do_GET
    data = self.process_scores()
  File "/Users/leegary/考核/server.py", line 1036, in process_scores
    emp_config = EMPLOYEE_CONFIGS.get(employee, {})
NameError: name 'EMPLOYEE_CONFIGS' is not defined
----------------------------------------
127.0.0.1 - - [25/Jan/2026 20:54:29] "GET /api/data HTTP/1.1" 200 -
----------------------------------------
Exception occurred during processing of request from ('127.0.0.1', 64532)
Traceback (most recent call last):
  File "/Library/Developer/CommandLineTools/Library/Frameworks/Python3.framework/Versions/3.9/lib/python3.9/socketserver.py", line 316, in _handle_request_noblock
    self.process_request(request, client_address)
  File "/Library/Developer/CommandLineTools/Library/Frameworks/Python3.framework/Versions/3.9/lib/python3.9/socketserver.py", line 347, in process_request
    self.finish_request(request, client_address)
  File "/Library/Developer/CommandLineTools/Library/Frameworks/Python3.framework/Versions/3.9/lib/python3.9/socketserver.py", line 360, in finish_request
    self.RequestHandlerClass(request, client_address, self)
  File "/Users/leegary/考核/server.py", line 51, in __init__
    super().__init__(*args, directory=BASE_DIR, **kwargs)
  File "/Library/Developer/CommandLineTools/Library/Frameworks/Python3.framework/Versions/3.9/lib/python3.9/http/server.py", line 660, in __init__
    super().__init__(*args, **kwargs)
  File "/Library/Developer/CommandLineTools/Library/Frameworks/Python3.framework/Versions/3.9/lib/python3.9/socketserver.py", line 747, in __init__
    self.handle()
  File "/Library/Developer/CommandLineTools/Library/Frameworks/Python3.framework/Versions/3.9/lib/python3.9/http/server.py", line 434, in handle
    self.handle_one_request()
  File "/Library/Developer/CommandLineTools/Library/Frameworks/Python3.framework/Versions/3.9/lib/python3.9/http/server.py", line 422, in handle_one_request
    method()
  File "/Users/leegary/考核/server.py", line 63, in do_GET
    data = self.process_scores()
  File "/Users/leegary/考核/server.py", line 1036, in process_scores
    emp_config = EMPLOYEE_CONFIGS.get(employee, {})
NameError: name 'EMPLOYEE_CONFIGS' is not defined
----------------------------------------
127.0.0.1 - - [25/Jan/2026 20:54:46] "GET /index.html?search=%E5%90%B3%E7%A7%89%E7%86%B9 HTTP/1.1" 200 -
127.0.0.1 - - [25/Jan/2026 20:54:46] "GET /style.css HTTP/1.1" 200 -
127.0.0.1 - - [25/Jan/2026 20:54:46] "GET /supabase-client.js HTTP/1.1" 200 -
127.0.0.1 - - [25/Jan/2026 20:54:46] "GET /data-processor.js HTTP/1.1" 200 -
127.0.0.1 - - [25/Jan/2026 20:54:46] "GET /script.js HTTP/1.1" 200 -
127.0.0.1 - - [25/Jan/2026 20:54:46] "GET /api/data HTTP/1.1" 200 -
----------------------------------------
Exception occurred during processing of request from ('127.0.0.1', 64569)
Traceback (most recent call last):
  File "/Library/Developer/CommandLineTools/Library/Frameworks/Python3.framework/Versions/3.9/lib/python3.9/socketserver.py", line 316, in _handle_request_noblock
    self.process_request(request, client_address)
  File "/Library/Developer/CommandLineTools/Library/Frameworks/Python3.framework/Versions/3.9/lib/python3.9/socketserver.py", line 347, in process_request
    self.finish_request(request, client_address)
  File "/Library/Developer/CommandLineTools/Library/Frameworks/Python3.framework/Versions/3.9/lib/python3.9/socketserver.py", line 360, in finish_request
    self.RequestHandlerClass(request, client_address, self)
  File "/Users/leegary/考核/server.py", line 51, in __init__
    super().__init__(*args, directory=BASE_DIR, **kwargs)
  File "/Library/Developer/CommandLineTools/Library/Frameworks/Python3.framework/Versions/3.9/lib/python3.9/http/server.py", line 660, in __init__
    super().__init__(*args, **kwargs)
  File "/Library/Developer/CommandLineTools/Library/Frameworks/Python3.framework/Versions/3.9/lib/python3.9/socketserver.py", line 747, in __init__
    self.handle()
  File "/Library/Developer/CommandLineTools/Library/Frameworks/Python3.framework/Versions/3.9/lib/python3.9/http/server.py", line 434, in handle
    self.handle_one_request()
  File "/Library/Developer/CommandLineTools/Library/Frameworks/Python3.framework/Versions/3.9/lib/python3.9/http/server.py", line 422, in handle_one_request
    method()
  File "/Users/leegary/考核/server.py", line 63, in do_GET
    data = self.process_scores()
  File "/Users/leegary/考核/server.py", line 1036, in process_scores
    emp_config = EMPLOYEE_CONFIGS.get(employee, {})
NameError: name 'EMPLOYEE_CONFIGS' is not defined
----------------------------------------
127.0.0.1 - - [25/Jan/2026 20:54:47] code 404, message File not found
127.0.0.1 - - [25/Jan/2026 20:54:47] "GET /favicon.ico HTTP/1.1" 404 -
127.0.0.1 - - [25/Jan/2026 20:57:38] "GET /index.html?search=%E5%90%B3%E7%A7%89%E7%86%B9 HTTP/1.1" 304 -
127.0.0.1 - - [25/Jan/2026 20:57:38] "GET /api/data HTTP/1.1" 200 -
----------------------------------------
Exception occurred during processing of request from ('127.0.0.1', 64771)
Traceback (most recent call last):
  File "/Library/Developer/CommandLineTools/Library/Frameworks/Python3.framework/Versions/3.9/lib/python3.9/socketserver.py", line 316, in _handle_request_noblock
    self.process_request(request, client_address)
  File "/Library/Developer/CommandLineTools/Library/Frameworks/Python3.framework/Versions/3.9/lib/python3.9/socketserver.py", line 347, in process_request
    self.finish_request(request, client_address)
  File "/Library/Developer/CommandLineTools/Library/Frameworks/Python3.framework/Versions/3.9/lib/python3.9/socketserver.py", line 360, in finish_request
    self.RequestHandlerClass(request, client_address, self)
  File "/Users/leegary/考核/server.py", line 51, in __init__
    super().__init__(*args, directory=BASE_DIR, **kwargs)
  File "/Library/Developer/CommandLineTools/Library/Frameworks/Python3.framework/Versions/3.9/lib/python3.9/http/server.py", line 660, in __init__
    super().__init__(*args, **kwargs)
  File "/Library/Developer/CommandLineTools/Library/Frameworks/Python3.framework/Versions/3.9/lib/python3.9/socketserver.py", line 747, in __init__
    self.handle()
  File "/Library/Developer/CommandLineTools/Library/Frameworks/Python3.framework/Versions/3.9/lib/python3.9/http/server.py", line 434, in handle
    self.handle_one_request()
  File "/Library/Developer/CommandLineTools/Library/Frameworks/Python3.framework/Versions/3.9/lib/python3.9/http/server.py", line 422, in handle_one_request
    method()
  File "/Users/leegary/考核/server.py", line 63, in do_GET
    data = self.process_scores()
  File "/Users/leegary/考核/server.py", line 1036, in process_scores
    emp_config = EMPLOYEE_CONFIGS.get(employee, {})
NameError: name 'EMPLOYEE_CONFIGS' is not defined
----------------------------------------
127.0.0.1 - - [25/Jan/2026 20:57:42] "GET /index.html?search=%E5%90%B3%E7%A7%89%E7%86%B9 HTTP/1.1" 304 -
127.0.0.1 - - [25/Jan/2026 20:57:42] "GET /api/data HTTP/1.1" 200 -
----------------------------------------
Exception occurred during processing of request from ('127.0.0.1', 64781)
Traceback (most recent call last):
  File "/Library/Developer/CommandLineTools/Library/Frameworks/Python3.framework/Versions/3.9/lib/python3.9/socketserver.py", line 316, in _handle_request_noblock
    self.process_request(request, client_address)
  File "/Library/Developer/CommandLineTools/Library/Frameworks/Python3.framework/Versions/3.9/lib/python3.9/socketserver.py", line 347, in process_request
    self.finish_request(request, client_address)
  File "/Library/Developer/CommandLineTools/Library/Frameworks/Python3.framework/Versions/3.9/lib/python3.9/socketserver.py", line 360, in finish_request
    self.RequestHandlerClass(request, client_address, self)
  File "/Users/leegary/考核/server.py", line 51, in __init__
    super().__init__(*args, directory=BASE_DIR, **kwargs)
  File "/Library/Developer/CommandLineTools/Library/Frameworks/Python3.framework/Versions/3.9/lib/python3.9/http/server.py", line 660, in __init__
    super().__init__(*args, **kwargs)
  File "/Library/Developer/CommandLineTools/Library/Frameworks/Python3.framework/Versions/3.9/lib/python3.9/socketserver.py", line 747, in __init__
    self.handle()
  File "/Library/Developer/CommandLineTools/Library/Frameworks/Python3.framework/Versions/3.9/lib/python3.9/http/server.py", line 434, in handle
    self.handle_one_request()
  File "/Library/Developer/CommandLineTools/Library/Frameworks/Python3.framework/Versions/3.9/lib/python3.9/http/server.py", line 422, in handle_one_request
    method()
  File "/Users/leegary/考核/server.py", line 63, in do_GET
    data = self.process_scores()
  File "/Users/leegary/考核/server.py", line 1036, in process_scores
    emp_config = EMPLOYEE_CONFIGS.get(employee, {})
NameError: name 'EMPLOYEE_CONFIGS' is not defined
----------------------------------------
127.0.0.1 - - [25/Jan/2026 20:57:44] "GET /index.html?search=%E5%90%B3%E7%A7%89%E7%86%B9 HTTP/1.1" 200 -
127.0.0.1 - - [25/Jan/2026 20:57:44] "GET /data-processor.js HTTP/1.1" 200 -
127.0.0.1 - - [25/Jan/2026 20:57:44] "GET /style.css HTTP/1.1" 200 -
127.0.0.1 - - [25/Jan/2026 20:57:44] "GET /script.js HTTP/1.1" 200 -
127.0.0.1 - - [25/Jan/2026 20:57:44] "GET /supabase-client.js HTTP/1.1" 200 -
127.0.0.1 - - [25/Jan/2026 20:57:44] "GET /api/data HTTP/1.1" 200 -
----------------------------------------
Exception occurred during processing of request from ('127.0.0.1', 64795)
Traceback (most recent call last):
  File "/Library/Developer/CommandLineTools/Library/Frameworks/Python3.framework/Versions/3.9/lib/python3.9/socketserver.py", line 316, in _handle_request_noblock
    self.process_request(request, client_address)
  File "/Library/Developer/CommandLineTools/Library/Frameworks/Python3.framework/Versions/3.9/lib/python3.9/socketserver.py", line 347, in process_request
    self.finish_request(request, client_address)
  File "/Library/Developer/CommandLineTools/Library/Frameworks/Python3.framework/Versions/3.9/lib/python3.9/socketserver.py", line 360, in finish_request
    self.RequestHandlerClass(request, client_address, self)
  File "/Users/leegary/考核/server.py", line 51, in __init__
    super().__init__(*args, directory=BASE_DIR, **kwargs)
  File "/Library/Developer/CommandLineTools/Library/Frameworks/Python3.framework/Versions/3.9/lib/python3.9/http/server.py", line 660, in __init__
    super().__init__(*args, **kwargs)
  File "/Library/Developer/CommandLineTools/Library/Frameworks/Python3.framework/Versions/3.9/lib/python3.9/socketserver.py", line 747, in __init__
    self.handle()
  File "/Library/Developer/CommandLineTools/Library/Frameworks/Python3.framework/Versions/3.9/lib/python3.9/http/server.py", line 434, in handle
    self.handle_one_request()
  File "/Library/Developer/CommandLineTools/Library/Frameworks/Python3.framework/Versions/3.9/lib/python3.9/http/server.py", line 422, in handle_one_request
    method()
  File "/Users/leegary/考核/server.py", line 63, in do_GET
    data = self.process_scores()
  File "/Users/leegary/考核/server.py", line 1036, in process_scores
    emp_config = EMPLOYEE_CONFIGS.get(employee, {})
NameError: name 'EMPLOYEE_CONFIGS' is not defined
----------------------------------------
127.0.0.1 - - [25/Jan/2026 20:57:45] code 404, message File not found
127.0.0.1 - - [25/Jan/2026 20:57:45] "GET /favicon.ico HTTP/1.1" 404 -
127.0.0.1 - - [25/Jan/2026 21:13:10] "GET /index.html?search=%E5%BB%96%E6%85%A7%E9%9B%AF HTTP/1.1" 200 -
127.0.0.1 - - [25/Jan/2026 21:13:10] "GET /supabase-client.js HTTP/1.1" 304 -
127.0.0.1 - - [25/Jan/2026 21:13:10] "GET /script.js HTTP/1.1" 200 -
127.0.0.1 - - [25/Jan/2026 21:13:10] "GET /api/data HTTP/1.1" 200 -
----------------------------------------
Exception occurred during processing of request from ('127.0.0.1', 49666)
Traceback (most recent call last):
  File "/Library/Developer/CommandLineTools/Library/Frameworks/Python3.framework/Versions/3.9/lib/python3.9/socketserver.py", line 316, in _handle_request_noblock
    self.process_request(request, client_address)
  File "/Library/Developer/CommandLineTools/Library/Frameworks/Python3.framework/Versions/3.9/lib/python3.9/socketserver.py", line 347, in process_request
    self.finish_request(request, client_address)
  File "/Library/Developer/CommandLineTools/Library/Frameworks/Python3.framework/Versions/3.9/lib/python3.9/socketserver.py", line 360, in finish_request
    self.RequestHandlerClass(request, client_address, self)
  File "/Users/leegary/考核/server.py", line 51, in __init__
    super().__init__(*args, directory=BASE_DIR, **kwargs)
  File "/Library/Developer/CommandLineTools/Library/Frameworks/Python3.framework/Versions/3.9/lib/python3.9/http/server.py", line 660, in __init__
    super().__init__(*args, **kwargs)
  File "/Library/Developer/CommandLineTools/Library/Frameworks/Python3.framework/Versions/3.9/lib/python3.9/socketserver.py", line 747, in __init__
    self.handle()
  File "/Library/Developer/CommandLineTools/Library/Frameworks/Python3.framework/Versions/3.9/lib/python3.9/http/server.py", line 434, in handle
    self.handle_one_request()
  File "/Library/Developer/CommandLineTools/Library/Frameworks/Python3.framework/Versions/3.9/lib/python3.9/http/server.py", line 422, in handle_one_request
    method()
  File "/Users/leegary/考核/server.py", line 63, in do_GET
    data = self.process_scores()
  File "/Users/leegary/考核/server.py", line 1036, in process_scores
    emp_config = EMPLOYEE_CONFIGS.get(employee, {})
NameError: name 'EMPLOYEE_CONFIGS' is not defined
----------------------------------------
127.0.0.1 - - [25/Jan/2026 21:13:12] "GET /self-assessment.html HTTP/1.1" 200 -
127.0.0.1 - - [25/Jan/2026 21:13:12] "GET /feedback.csv?t=1769346792636 HTTP/1.1" 200 -
127.0.0.1 - - [25/Jan/2026 21:13:12] "GET /api/data HTTP/1.1" 200 -
----------------------------------------
Exception occurred during processing of request from ('127.0.0.1', 49676)
Traceback (most recent call last):
  File "/Library/Developer/CommandLineTools/Library/Frameworks/Python3.framework/Versions/3.9/lib/python3.9/socketserver.py", line 316, in _handle_request_noblock
    self.process_request(request, client_address)
  File "/Library/Developer/CommandLineTools/Library/Frameworks/Python3.framework/Versions/3.9/lib/python3.9/socketserver.py", line 347, in process_request
    self.finish_request(request, client_address)
  File "/Library/Developer/CommandLineTools/Library/Frameworks/Python3.framework/Versions/3.9/lib/python3.9/socketserver.py", line 360, in finish_request
    self.RequestHandlerClass(request, client_address, self)
  File "/Users/leegary/考核/server.py", line 51, in __init__
    super().__init__(*args, directory=BASE_DIR, **kwargs)
  File "/Library/Developer/CommandLineTools/Library/Frameworks/Python3.framework/Versions/3.9/lib/python3.9/http/server.py", line 660, in __init__
    super().__init__(*args, **kwargs)
  File "/Library/Developer/CommandLineTools/Library/Frameworks/Python3.framework/Versions/3.9/lib/python3.9/socketserver.py", line 747, in __init__
    self.handle()
  File "/Library/Developer/CommandLineTools/Library/Frameworks/Python3.framework/Versions/3.9/lib/python3.9/http/server.py", line 434, in handle
    self.handle_one_request()
  File "/Library/Developer/CommandLineTools/Library/Frameworks/Python3.framework/Versions/3.9/lib/python3.9/http/server.py", line 422, in handle_one_request
    method()
  File "/Users/leegary/考核/server.py", line 63, in do_GET
    data = self.process_scores()
  File "/Users/leegary/考核/server.py", line 1036, in process_scores
    emp_config = EMPLOYEE_CONFIGS.get(employee, {})
NameError: name 'EMPLOYEE_CONFIGS' is not defined
----------------------------------------
127.0.0.1 - - [25/Jan/2026 21:13:12] "GET /api/bonuses HTTP/1.1" 200 -
127.0.0.1 - - [25/Jan/2026 21:32:23] "GET /self-assessment.html HTTP/1.1" 200 -
127.0.0.1 - - [25/Jan/2026 21:32:23] "GET /supabase-client.js HTTP/1.1" 304 -
127.0.0.1 - - [25/Jan/2026 21:32:23] "GET /data-processor.js HTTP/1.1" 304 -
127.0.0.1 - - [25/Jan/2026 21:32:23] "GET /feedback.csv?t=1769347943052 HTTP/1.1" 200 -
127.0.0.1 - - [25/Jan/2026 21:32:23] "GET /api/data HTTP/1.1" 200 -
----------------------------------------
Exception occurred during processing of request from ('127.0.0.1', 51099)
Traceback (most recent call last):
  File "/Library/Developer/CommandLineTools/Library/Frameworks/Python3.framework/Versions/3.9/lib/python3.9/socketserver.py", line 316, in _handle_request_noblock
    self.process_request(request, client_address)
  File "/Library/Developer/CommandLineTools/Library/Frameworks/Python3.framework/Versions/3.9/lib/python3.9/socketserver.py", line 347, in process_request
    self.finish_request(request, client_address)
  File "/Library/Developer/CommandLineTools/Library/Frameworks/Python3.framework/Versions/3.9/lib/python3.9/socketserver.py", line 360, in finish_request
    self.RequestHandlerClass(request, client_address, self)
  File "/Users/leegary/考核/server.py", line 51, in __init__
    super().__init__(*args, directory=BASE_DIR, **kwargs)
  File "/Library/Developer/CommandLineTools/Library/Frameworks/Python3.framework/Versions/3.9/lib/python3.9/http/server.py", line 660, in __init__
    super().__init__(*args, **kwargs)
  File "/Library/Developer/CommandLineTools/Library/Frameworks/Python3.framework/Versions/3.9/lib/python3.9/socketserver.py", line 747, in __init__
    self.handle()
  File "/Library/Developer/CommandLineTools/Library/Frameworks/Python3.framework/Versions/3.9/lib/python3.9/http/server.py", line 434, in handle
    self.handle_one_request()
  File "/Library/Developer/CommandLineTools/Library/Frameworks/Python3.framework/Versions/3.9/lib/python3.9/http/server.py", line 422, in handle_one_request
    method()
  File "/Users/leegary/考核/server.py", line 63, in do_GET
    data = self.process_scores()
  File "/Users/leegary/考核/server.py", line 1036, in process_scores
    emp_config = EMPLOYEE_CONFIGS.get(employee, {})
NameError: name 'EMPLOYEE_CONFIGS' is not defined
----------------------------------------
127.0.0.1 - - [25/Jan/2026 21:32:24] "GET /api/bonuses HTTP/1.1" 200 -
127.0.0.1 - - [25/Jan/2026 21:38:53] "GET /self-assessment.html HTTP/1.1" 304 -
127.0.0.1 - - [25/Jan/2026 21:38:53] "GET /data-processor.js HTTP/1.1" 304 -
127.0.0.1 - - [25/Jan/2026 21:38:53] "GET /feedback.csv?t=1769348333135 HTTP/1.1" 200 -
127.0.0.1 - - [25/Jan/2026 21:38:53] "GET /api/data HTTP/1.1" 200 -
----------------------------------------
Exception occurred during processing of request from ('127.0.0.1', 51579)
Traceback (most recent call last):
  File "/Library/Developer/CommandLineTools/Library/Frameworks/Python3.framework/Versions/3.9/lib/python3.9/socketserver.py", line 316, in _handle_request_noblock
    self.process_request(request, client_address)
  File "/Library/Developer/CommandLineTools/Library/Frameworks/Python3.framework/Versions/3.9/lib/python3.9/socketserver.py", line 347, in process_request
    self.finish_request(request, client_address)
  File "/Library/Developer/CommandLineTools/Library/Frameworks/Python3.framework/Versions/3.9/lib/python3.9/socketserver.py", line 360, in finish_request
    self.RequestHandlerClass(request, client_address, self)
  File "/Users/leegary/考核/server.py", line 51, in __init__
    super().__init__(*args, directory=BASE_DIR, **kwargs)
  File "/Library/Developer/CommandLineTools/Library/Frameworks/Python3.framework/Versions/3.9/lib/python3.9/http/server.py", line 660, in __init__
    super().__init__(*args, **kwargs)
  File "/Library/Developer/CommandLineTools/Library/Frameworks/Python3.framework/Versions/3.9/lib/python3.9/socketserver.py", line 747, in __init__
    self.handle()
  File "/Library/Developer/CommandLineTools/Library/Frameworks/Python3.framework/Versions/3.9/lib/python3.9/http/server.py", line 434, in handle
    self.handle_one_request()
  File "/Library/Developer/CommandLineTools/Library/Frameworks/Python3.framework/Versions/3.9/lib/python3.9/http/server.py", line 422, in handle_one_request
    method()
  File "/Users/leegary/考核/server.py", line 63, in do_GET
    data = self.process_scores()
  File "/Users/leegary/考核/server.py", line 1036, in process_scores
    emp_config = EMPLOYEE_CONFIGS.get(employee, {})
NameError: name 'EMPLOYEE_CONFIGS' is not defined
----------------------------------------
127.0.0.1 - - [25/Jan/2026 21:38:53] "GET /api/bonuses HTTP/1.1" 200 -
127.0.0.1 - - [25/Jan/2026 21:39:12] "GET /self-assessment.html HTTP/1.1" 304 -
127.0.0.1 - - [25/Jan/2026 21:39:12] "GET /feedback.csv?t=1769348352809 HTTP/1.1" 200 -
127.0.0.1 - - [25/Jan/2026 21:39:12] "GET /api/data HTTP/1.1" 200 -
----------------------------------------
Exception occurred during processing of request from ('127.0.0.1', 51615)
Traceback (most recent call last):
  File "/Library/Developer/CommandLineTools/Library/Frameworks/Python3.framework/Versions/3.9/lib/python3.9/socketserver.py", line 316, in _handle_request_noblock
    self.process_request(request, client_address)
  File "/Library/Developer/CommandLineTools/Library/Frameworks/Python3.framework/Versions/3.9/lib/python3.9/socketserver.py", line 347, in process_request
    self.finish_request(request, client_address)
  File "/Library/Developer/CommandLineTools/Library/Frameworks/Python3.framework/Versions/3.9/lib/python3.9/socketserver.py", line 360, in finish_request
    self.RequestHandlerClass(request, client_address, self)
  File "/Users/leegary/考核/server.py", line 51, in __init__
    super().__init__(*args, directory=BASE_DIR, **kwargs)
  File "/Library/Developer/CommandLineTools/Library/Frameworks/Python3.framework/Versions/3.9/lib/python3.9/http/server.py", line 660, in __init__
    super().__init__(*args, **kwargs)
  File "/Library/Developer/CommandLineTools/Library/Frameworks/Python3.framework/Versions/3.9/lib/python3.9/socketserver.py", line 747, in __init__
    self.handle()
  File "/Library/Developer/CommandLineTools/Library/Frameworks/Python3.framework/Versions/3.9/lib/python3.9/http/server.py", line 434, in handle
    self.handle_one_request()
  File "/Library/Developer/CommandLineTools/Library/Frameworks/Python3.framework/Versions/3.9/lib/python3.9/http/server.py", line 422, in handle_one_request
    method()
  File "/Users/leegary/考核/server.py", line 63, in do_GET
    data = self.process_scores()
  File "/Users/leegary/考核/server.py", line 1036, in process_scores
    emp_config = EMPLOYEE_CONFIGS.get(employee, {})
NameError: name 'EMPLOYEE_CONFIGS' is not defined
----------------------------------------
127.0.0.1 - - [25/Jan/2026 21:39:13] "GET /api/bonuses HTTP/1.1" 200 -
127.0.0.1 - - [25/Jan/2026 21:51:47] "GET /self-assessment.html HTTP/1.1" 200 -
127.0.0.1 - - [25/Jan/2026 21:51:47] "GET /supabase-client.js HTTP/1.1" 304 -
127.0.0.1 - - [25/Jan/2026 21:51:47] "GET /data-processor.js HTTP/1.1" 304 -
127.0.0.1 - - [25/Jan/2026 21:51:47] "GET /feedback.csv?t=1769349107382 HTTP/1.1" 200 -
127.0.0.1 - - [25/Jan/2026 21:51:47] "GET /api/data HTTP/1.1" 200 -
----------------------------------------
Exception occurred during processing of request from ('127.0.0.1', 53687)
Traceback (most recent call last):
  File "/Library/Developer/CommandLineTools/Library/Frameworks/Python3.framework/Versions/3.9/lib/python3.9/socketserver.py", line 316, in _handle_request_noblock
    self.process_request(request, client_address)
  File "/Library/Developer/CommandLineTools/Library/Frameworks/Python3.framework/Versions/3.9/lib/python3.9/socketserver.py", line 347, in process_request
    self.finish_request(request, client_address)
  File "/Library/Developer/CommandLineTools/Library/Frameworks/Python3.framework/Versions/3.9/lib/python3.9/socketserver.py", line 360, in finish_request
    self.RequestHandlerClass(request, client_address, self)
  File "/Users/leegary/考核/server.py", line 51, in __init__
    super().__init__(*args, directory=BASE_DIR, **kwargs)
  File "/Library/Developer/CommandLineTools/Library/Frameworks/Python3.framework/Versions/3.9/lib/python3.9/http/server.py", line 660, in __init__
    super().__init__(*args, **kwargs)
  File "/Library/Developer/CommandLineTools/Library/Frameworks/Python3.framework/Versions/3.9/lib/python3.9/socketserver.py", line 747, in __init__
    self.handle()
  File "/Library/Developer/CommandLineTools/Library/Frameworks/Python3.framework/Versions/3.9/lib/python3.9/http/server.py", line 434, in handle
    self.handle_one_request()
  File "/Library/Developer/CommandLineTools/Library/Frameworks/Python3.framework/Versions/3.9/lib/python3.9/http/server.py", line 422, in handle_one_request
    method()
  File "/Users/leegary/考核/server.py", line 63, in do_GET
    data = self.process_scores()
  File "/Users/leegary/考核/server.py", line 1036, in process_scores
    emp_config = EMPLOYEE_CONFIGS.get(employee, {})
NameError: name 'EMPLOYEE_CONFIGS' is not defined
----------------------------------------
127.0.0.1 - - [25/Jan/2026 21:51:48] "GET /api/bonuses HTTP/1.1" 200 -
127.0.0.1 - - [25/Jan/2026 21:51:48] code 404, message File not found
127.0.0.1 - - [25/Jan/2026 21:51:48] "GET /favicon.ico HTTP/1.1" 404 -
127.0.0.1 - - [25/Jan/2026 21:57:19] code 404, message File not found
127.0.0.1 - - [25/Jan/2026 21:57:19] "GET /self-assessment.html HTTP/1.1" 404 -
127.0.0.1 - - [25/Jan/2026 21:57:21] code 404, message File not found
127.0.0.1 - - [25/Jan/2026 21:57:21] "GET /self-assessment.html HTTP/1.1" 404 -
127.0.0.1 - - [25/Jan/2026 21:57:22] code 404, message File not found
127.0.0.1 - - [25/Jan/2026 21:57:22] "GET /self-assessment.html HTTP/1.1" 404 -
127.0.0.1 - - [25/Jan/2026 21:57:39] "GET /data-processor.js HTTP/1.1" 304 -
127.0.0.1 - - [25/Jan/2026 21:57:39] "GET /api/data HTTP/1.1" 200 -
----------------------------------------
Exception occurred during processing of request from ('127.0.0.1', 55653)
Traceback (most recent call last):
  File "/Library/Developer/CommandLineTools/Library/Frameworks/Python3.framework/Versions/3.9/lib/python3.9/socketserver.py", line 316, in _handle_request_noblock
    self.process_request(request, client_address)
  File "/Library/Developer/CommandLineTools/Library/Frameworks/Python3.framework/Versions/3.9/lib/python3.9/socketserver.py", line 347, in process_request
    self.finish_request(request, client_address)
  File "/Library/Developer/CommandLineTools/Library/Frameworks/Python3.framework/Versions/3.9/lib/python3.9/socketserver.py", line 360, in finish_request
    self.RequestHandlerClass(request, client_address, self)
  File "/Users/leegary/考核/server.py", line 51, in __init__
    super().__init__(*args, directory=BASE_DIR, **kwargs)
  File "/Library/Developer/CommandLineTools/Library/Frameworks/Python3.framework/Versions/3.9/lib/python3.9/http/server.py", line 660, in __init__
    super().__init__(*args, **kwargs)
  File "/Library/Developer/CommandLineTools/Library/Frameworks/Python3.framework/Versions/3.9/lib/python3.9/socketserver.py", line 747, in __init__
    self.handle()
  File "/Library/Developer/CommandLineTools/Library/Frameworks/Python3.framework/Versions/3.9/lib/python3.9/http/server.py", line 434, in handle
    self.handle_one_request()
  File "/Library/Developer/CommandLineTools/Library/Frameworks/Python3.framework/Versions/3.9/lib/python3.9/http/server.py", line 422, in handle_one_request
    method()
  File "/Users/leegary/考核/server.py", line 63, in do_GET
    data = self.process_scores()
  File "/Users/leegary/考核/server.py", line 1036, in process_scores
    emp_config = EMPLOYEE_CONFIGS.get(employee, {})
NameError: name 'EMPLOYEE_CONFIGS' is not defined
----------------------------------------
127.0.0.1 - - [25/Jan/2026 21:57:41] code 404, message File not found
127.0.0.1 - - [25/Jan/2026 21:57:41] "GET /self-assessment.html HTTP/1.1" 404 -
127.0.0.1 - - [25/Jan/2026 22:31:57] "GET /self-assessment.html HTTP/1.1" 200 -
127.0.0.1 - - [25/Jan/2026 22:31:57] "GET /supabase-client.js HTTP/1.1" 304 -
127.0.0.1 - - [25/Jan/2026 22:31:57] "GET /data-processor.js HTTP/1.1" 304 -
127.0.0.1 - - [25/Jan/2026 22:31:57] "GET /feedback.csv?t=1769351517181 HTTP/1.1" 200 -
127.0.0.1 - - [25/Jan/2026 22:31:57] "GET /api/data HTTP/1.1" 200 -
----------------------------------------
Exception occurred during processing of request from ('127.0.0.1', 62107)
Traceback (most recent call last):
  File "/Library/Developer/CommandLineTools/Library/Frameworks/Python3.framework/Versions/3.9/lib/python3.9/socketserver.py", line 316, in _handle_request_noblock
    self.process_request(request, client_address)
  File "/Library/Developer/CommandLineTools/Library/Frameworks/Python3.framework/Versions/3.9/lib/python3.9/socketserver.py", line 347, in process_request
    self.finish_request(request, client_address)
  File "/Library/Developer/CommandLineTools/Library/Frameworks/Python3.framework/Versions/3.9/lib/python3.9/socketserver.py", line 360, in finish_request
    self.RequestHandlerClass(request, client_address, self)
  File "/Users/leegary/考核/server.py", line 51, in __init__
    super().__init__(*args, directory=BASE_DIR, **kwargs)
  File "/Library/Developer/CommandLineTools/Library/Frameworks/Python3.framework/Versions/3.9/lib/python3.9/http/server.py", line 660, in __init__
    super().__init__(*args, **kwargs)
  File "/Library/Developer/CommandLineTools/Library/Frameworks/Python3.framework/Versions/3.9/lib/python3.9/socketserver.py", line 747, in __init__
    self.handle()
  File "/Library/Developer/CommandLineTools/Library/Frameworks/Python3.framework/Versions/3.9/lib/python3.9/http/server.py", line 434, in handle
    self.handle_one_request()
  File "/Library/Developer/CommandLineTools/Library/Frameworks/Python3.framework/Versions/3.9/lib/python3.9/http/server.py", line 422, in handle_one_request
    method()
  File "/Users/leegary/考核/server.py", line 63, in do_GET
    data = self.process_scores()
  File "/Users/leegary/考核/server.py", line 1036, in process_scores
    emp_config = EMPLOYEE_CONFIGS.get(employee, {})
NameError: name 'EMPLOYEE_CONFIGS' is not defined
----------------------------------------
127.0.0.1 - - [25/Jan/2026 22:31:57] "GET /api/bonuses HTTP/1.1" 200 -
127.0.0.1 - - [25/Jan/2026 22:31:57] code 404, message File not found
127.0.0.1 - - [25/Jan/2026 22:31:57] "GET /favicon.ico HTTP/1.1" 404 -
127.0.0.1 - - [25/Jan/2026 22:36:43] "GET /self-assessment.html HTTP/1.1" 200 -
127.0.0.1 - - [25/Jan/2026 22:36:43] "GET /feedback.csv?t=1769351803138 HTTP/1.1" 200 -
127.0.0.1 - - [25/Jan/2026 22:36:43] "GET /api/data HTTP/1.1" 200 -
----------------------------------------
Exception occurred during processing of request from ('127.0.0.1', 62498)
Traceback (most recent call last):
  File "/Library/Developer/CommandLineTools/Library/Frameworks/Python3.framework/Versions/3.9/lib/python3.9/socketserver.py", line 316, in _handle_request_noblock
    self.process_request(request, client_address)
  File "/Library/Developer/CommandLineTools/Library/Frameworks/Python3.framework/Versions/3.9/lib/python3.9/socketserver.py", line 347, in process_request
    self.finish_request(request, client_address)
  File "/Library/Developer/CommandLineTools/Library/Frameworks/Python3.framework/Versions/3.9/lib/python3.9/socketserver.py", line 360, in finish_request
    self.RequestHandlerClass(request, client_address, self)
  File "/Users/leegary/考核/server.py", line 51, in __init__
    super().__init__(*args, directory=BASE_DIR, **kwargs)
  File "/Library/Developer/CommandLineTools/Library/Frameworks/Python3.framework/Versions/3.9/lib/python3.9/http/server.py", line 660, in __init__
    super().__init__(*args, **kwargs)
  File "/Library/Developer/CommandLineTools/Library/Frameworks/Python3.framework/Versions/3.9/lib/python3.9/socketserver.py", line 747, in __init__
    self.handle()
  File "/Library/Developer/CommandLineTools/Library/Frameworks/Python3.framework/Versions/3.9/lib/python3.9/http/server.py", line 434, in handle
    self.handle_one_request()
  File "/Library/Developer/CommandLineTools/Library/Frameworks/Python3.framework/Versions/3.9/lib/python3.9/http/server.py", line 422, in handle_one_request
    method()
  File "/Users/leegary/考核/server.py", line 63, in do_GET
    data = self.process_scores()
  File "/Users/leegary/考核/server.py", line 1036, in process_scores
    emp_config = EMPLOYEE_CONFIGS.get(employee, {})
NameError: name 'EMPLOYEE_CONFIGS' is not defined
----------------------------------------
127.0.0.1 - - [25/Jan/2026 22:36:43] "GET /api/bonuses HTTP/1.1" 200 -
